\BOOKMARK [0][-]{chapter.2}{\376\377\000U\000v\000o\000d}{}% 1
\BOOKMARK [0][-]{chapter.9}{\376\377\000P\000r\000e\000g\000l\000e\000d\000\040\000K\000e\000r\000r\000o\000v\000e\000\040\000m\000e\000t\000r\000i\000k\000e}{}% 2
\BOOKMARK [1][-]{section.34}{\376\377\000N\000H\000E\000K\000\040\000m\000e\000t\000r\000i\000k\000a}{chapter.9}% 3
\BOOKMARK [2][-]{subsection.44}{\376\377\000S\000L\000\050\0002\000,\000R\000\051\000\040\000g\000r\000u\000p\000a}{section.34}% 4
\BOOKMARK [2][-]{subsection.55}{\376\377\000I\000z\000v\000i\000j\000e\000n\000e\000\040\000g\000e\000o\000m\000e\000t\000r\000i\000j\000e}{section.34}% 5
\BOOKMARK [0][-]{chapter.58}{\376\377\000G\000r\000u\000p\000a\000\040\000a\000s\000i\000m\000p\000t\000o\000t\000s\000k\000i\000h\000\040\000s\000i\000m\000e\000t\000r\000i\000j\000a}{}% 6
\BOOKMARK [1][-]{section.68}{\376\377\000A\000l\000g\000e\000b\000r\000a\000\040\000d\000i\000f\000e\000o\000m\000o\000r\000f\000i\000z\000a\000m\000a}{chapter.58}% 7
\BOOKMARK [1][-]{section.80}{\376\377\000G\000e\000n\000e\000r\000a\000t\000o\000r\000i\000\040\000i\000\040\000c\000e\000n\000t\000r\000a\000l\000n\000i\000\040\000n\000a\000b\000o\000j}{chapter.58}% 8
\BOOKMARK [0][-]{chapter.92}{\376\377\000M\000i\000k\000r\000o\000s\000k\000o\000p\000s\000k\000a\000\040\000e\000n\000t\000r\000o\000p\000i\000j\000a\000\040\000i\000\040\000d\000o\000k\000a\000z\000\040\000k\000o\000r\000e\000s\000p\000o\000n\000d\000e\000n\000c\000i\000j\000e}{}% 9
\BOOKMARK [1][-]{section.94}{\376\377\000T\000e\000m\000p\000e\000r\000a\000t\000u\000r\000a\000\040\000e\000k\000s\000t\000r\000e\000m\000n\000e\000\040\000K\000e\000r\000r\000o\000v\000e\000\040\000c\000r\000n\000e\000\040\000r\000u\000p\000e}{chapter.92}% 10
\BOOKMARK [1][-]{section.103}{\376\377\000C\000a\000r\000d\000y\000j\000e\000v\000a\000\040\000f\000o\000r\000m\000u\000l\000a}{chapter.92}% 11
\BOOKMARK [0][-]{chapter.110}{\376\377\000Z\000a\000k\000l\000j\000u\001\015\000a\000k}{}% 12
\BOOKMARK [0][-]{appendix.111}{\376\377\000O\000p\001\007\000e\000n\000i\000t\000i\000\040\000p\000o\000j\000m\000o\000v\000i\000\040\000v\000e\000z\000a\000n\000i\000\040\000u\000z\000\040\000m\000n\000o\000g\000o\000s\000t\000r\000u\000k\000o\000s\000t\000i}{}% 13
\BOOKMARK [1][-]{section.112}{\376\377\000R\000i\000e\000m\000a\000n\000n\000o\000v\000a\000\040\000m\000e\000t\000r\000i\000k\000a}{appendix.111}% 14
\BOOKMARK [1][-]{section.118}{\376\377\000P\000s\000e\000u\000d\000o\000-\000R\000i\000e\000m\000a\000n\000n\000o\000v\000a\000\040\000m\000e\000t\000r\000i\000k\000a}{appendix.111}% 15
\BOOKMARK [1][-]{section.119}{\376\377\000P\000o\000i\000n\000c\000a\000r\000\351\000o\000v\000\040\000m\000e\000t\000r\000i\001\015\000k\000i\000\040\000t\000e\000n\000z\000o\000r}{appendix.111}% 16
\BOOKMARK [1][-]{section.121}{\376\377\000I\000z\000o\000m\000e\000t\000r\000i\000j\000e}{appendix.111}% 17
\BOOKMARK [1][-]{section.122}{\376\377\000P\000r\000e\000s\000l\000i\000k\000a\000v\000a\000n\000j\000a\000\040\000i\000z\000m\000e\001\021\000u\000\040\000m\000n\000o\000g\000o\000s\000t\000r\000u\000k\000o\000s\000t\000i}{appendix.111}% 18
\BOOKMARK [1][-]{section.123}{\376\377\000A\000s\000i\000m\000p\000t\000o\000t\000s\000k\000a\000\040\000p\000r\000o\000s\000t\000o\000r\000\040\000v\000r\000e\000m\000e\000n\000a\000\040\000i\000\040\000A\000D\000M\000\040\000d\000e\000k\000o\000m\000p\000o\000z\000i\000c\000i\000j\000a}{appendix.111}% 19
\BOOKMARK [0][-]{appendix.127}{\376\377\000I\000z\000v\000o\000d\000\040\000N\000H\000E\000K\000\040\000m\000e\000t\000r\000i\000k\000e}{}% 20
\BOOKMARK [0][-]{appendix.149}{\376\377\000O\000d\000r\000e\001\021\000i\000v\000a\000n\000j\000e\000\040\000r\000u\000b\000n\000i\000h\000\040\000u\000v\000j\000e\000t\000a\000\040\000i\000\040\000d\000i\000f\000e\000o\000m\000o\000r\000f\000i\000z\000a\000m\000a}{}% 21
\BOOKMARK [0][-]{appendix.201}{\376\377\000V\000i\000r\000a\000s\000o\000r\000o\000\040\000a\000l\000g\000e\000b\000r\000a}{}% 22
\BOOKMARK [0][-]{appendix.213}{\376\377\000M\000a\000t\000h\000e\000m\000a\000t\000i\000c\000a\000\040\000k\000o\000d}{}% 23
\BOOKMARK [0][-]{appendix*.223}{\376\377\000B\000i\000b\000l\000i\000o\000g\000r\000a\000f\000i\000j\000a}{}% 24
